https://twitter.com/startaico
https://twitter.com/connectjob_io
https://twitter.com/ECF4U
https://twitter.com/LegolasExchange
https://twitter.com/megacoin3
https://twitter.com/blockpay_ch
https://twitter.com/poly_network
https://twitter.com/PASLLITE1
https://twitter.com/hobonickels_hbn
https://twitter.com/POSWallet
https://twitter.com/centurion_coin
https://twitter.com/SigtOfficial
https://twitter.com/berncash
https://twitter.com/sdcoin
https://twitter.com/SpaceCoinLab
https://twitter.com/dsplusf
https://twitter.com/AtomcoinProject
https://twitter.com/ICONICTOKEN
https://twitter.com/RSGPcoin
https://twitter.com/GoldReward_GRX
https://twitter.com/bitserialnews
https://twitter.com/Elysium_coin
https://twitter.com/ERA_FullCircle
https://twitter.com/WiC_Crypto
https://twitter.com/j_veltor
https://twitter.com/tez0s
https://twitter.com/dlisk_promo
https://twitter.com/First_Bitcoin
https://twitter.com/ZeniZone
https://twitter.com/solarflarecoin
https://twitter.com/Prism_Chain
https://twitter.com/GetMiloCoin
https://twitter.com/SuperBTC2
https://twitter.com/teamcopico
https://twitter.com/mishuuae1
